<?xml version="1.0" encoding="UTF-8"?>
<testng-results ignored="0" total="2" passed="2" failed="0" skipped="0">
  <reporter-output>
  </reporter-output>
  <suite started-at="2025-02-08T13:37:57 GMT+07:00" name="Sample" finished-at="2025-02-08T13:38:20 GMT+07:00" duration-ms="23189">
    <groups>
    </groups>
    <test started-at="2025-02-08T13:37:57 GMT+07:00" name="Chrome browser" finished-at="2025-02-08T13:38:20 GMT+07:00" duration-ms="23189">
      <class name="internet.CheckboxesTest">
        <test-method is-config="true" signature="setup(java.lang.String,java.lang.String)[pri:0, instance:internet.CheckboxesTest@6379eb]" started-at="2025-02-08T13:37:57 GMT+07:00" name="setup" finished-at="2025-02-08T13:38:09 GMT+07:00" duration-ms="11572" status="PASS">
          <params>
            <param index="0">
              <value>
                <![CDATA[chrome]]>
              </value>
            </param>
            <param index="1">
              <value>
                <![CDATA[https://the-internet.herokuapp.com]]>
              </value>
            </param>
          </params>
          <reporter-output>
          </reporter-output>
        </test-method> <!-- setup -->
        <test-method signature="verifyAbleSelectCheckboxes()[pri:0, instance:internet.CheckboxesTest@6379eb]" started-at="2025-02-08T13:38:09 GMT+07:00" name="verifyAbleSelectCheckboxes" finished-at="2025-02-08T13:38:09 GMT+07:00" duration-ms="127" status="PASS">
          <reporter-output>
          </reporter-output>
        </test-method> <!-- verifyAbleSelectCheckboxes -->
        <test-method is-config="true" signature="tearDown()[pri:0, instance:internet.CheckboxesTest@6379eb]" started-at="2025-02-08T13:38:09 GMT+07:00" name="tearDown" finished-at="2025-02-08T13:38:09 GMT+07:00" duration-ms="78" status="PASS">
          <reporter-output>
          </reporter-output>
        </test-method> <!-- tearDown -->
        <test-method is-config="true" signature="setup(java.lang.String,java.lang.String)[pri:0, instance:internet.CheckboxesTest@6379eb]" started-at="2025-02-08T13:38:09 GMT+07:00" name="setup" finished-at="2025-02-08T13:38:20 GMT+07:00" duration-ms="11175" status="PASS">
          <params>
            <param index="0">
              <value>
                <![CDATA[chrome]]>
              </value>
            </param>
            <param index="1">
              <value>
                <![CDATA[https://the-internet.herokuapp.com]]>
              </value>
            </param>
          </params>
          <reporter-output>
          </reporter-output>
        </test-method> <!-- setup -->
        <test-method signature="verifyAbleUnSelectCheckboxes()[pri:0, instance:internet.CheckboxesTest@6379eb]" started-at="2025-02-08T13:38:20 GMT+07:00" name="verifyAbleUnSelectCheckboxes" finished-at="2025-02-08T13:38:20 GMT+07:00" duration-ms="125" status="PASS">
          <reporter-output>
          </reporter-output>
        </test-method> <!-- verifyAbleUnSelectCheckboxes -->
        <test-method is-config="true" signature="tearDown()[pri:0, instance:internet.CheckboxesTest@6379eb]" started-at="2025-02-08T13:38:20 GMT+07:00" name="tearDown" finished-at="2025-02-08T13:38:20 GMT+07:00" duration-ms="86" status="PASS">
          <reporter-output>
          </reporter-output>
        </test-method> <!-- tearDown -->
      </class> <!-- internet.CheckboxesTest -->
    </test> <!-- Chrome browser -->
  </suite> <!-- Sample -->
</testng-results>
